app/build/outputs/logs/manifest-merger-debug-report.txt
-- Merging decision tree log ---
manifest
ADDED from src\main\AndroidManifest.xml:2:1-47:12
	xmlns:android
		ADDED from src\main\AndroidManifest.xml:2:11-69
	package
		ADDED from src\main\AndroidManifest.xml:3:5-44
		INJECTED from src\main\AndroidManifest.xml
		INJECTED from src\main\AndroidManifest.xml
	android:versionName
		ADDED from src\main\AndroidManifest.xml:5:5-30
		INJECTED from src\main\AndroidManifest.xml
		INJECTED from src\main\AndroidManifest.xml
	android:versionCode
		ADDED from src\main\AndroidManifest.xml:4:5-28
		INJECTED from src\main\AndroidManifest.xml
		INJECTED from src\main\AndroidManifest.xml
uses-permission#android.permission.MOUNT_UNMOUNT_FILESYSTEMS
ADDED from src\main\AndroidManifest.xml:6:2-80
	android:name
		ADDED from src\main\AndroidManifest.xml:6:19-78
uses-permission#android.permission.WRITE_EXTERNAL_STORAGE
ADDED from src\main\AndroidManifest.xml:7:5-80
	android:name
		ADDED from src\main\AndroidManifest.xml:7:22-78
uses-permission#android.permission.INTERNET
ADDED from src\main\AndroidManifest.xml:8:5-66
	android:name
		ADDED from src\main\AndroidManifest.xml:8:22-64
uses-sdk
ADDED from src\main\AndroidManifest.xml:9:5-11:40
MERGED from [com.android.support:support-v4:22.2.0] AndroidManifest.xml:20:5-43
MERGED from [com.google.android.gms:play-services-appindexing:8.1.0] AndroidManifest.xml:18:5-42
MERGED from [com.google.android.gms:play-services-basement:8.1.0] AndroidManifest.xml:18:5-42
MERGED from [com.android.support:support-v4:22.2.0] AndroidManifest.xml:20:5-43
	android:targetSdkVersion
		ADDED from src\main\AndroidManifest.xml:11:9-37
		INJECTED from src\main\AndroidManifest.xml
		INJECTED from src\main\AndroidManifest.xml
	android:minSdkVersion
		ADDED from src\main\AndroidManifest.xml:10:9-34
		INJECTED from src\main\AndroidManifest.xml
		INJECTED from src\main\AndroidManifest.xml
application
ADDED from src\main\AndroidManifest.xml:13:5-45:19
MERGED from [com.android.support:support-v4:22.2.0] AndroidManifest.xml:22:5-20
MERGED from [com.google.android.gms:play-services-appindexing:8.1.0] AndroidManifest.xml:19:5-20
MERGED from [com.google.android.gms:play-services-basement:8.1.0] AndroidManifest.xml:20:5-24:19
MERGED from [com.android.support:support-v4:22.2.0] AndroidManifest.xml:22:5-20
	android:label
		ADDED from src\main\AndroidManifest.xml:17:9-41
	android:allowBackup
		ADDED from src\main\AndroidManifest.xml:15:9-35
	android:icon
		ADDED from src\main\AndroidManifest.xml:16:9-45
	android:theme
		ADDED from src\main\AndroidManifest.xml:18:9-40
activity#com.example.android_app_stroe.Main_face
ADDED from src\main\AndroidManifest.xml:21:9-29:20
	android:label
		ADDED from src\main\AndroidManifest.xml:23:13-45
	android:name
		ADDED from src\main\AndroidManifest.xml:22:13-67
intent-filter#android.intent.action.MAIN+android.intent.category.LAUNCHER
ADDED from src\main\AndroidManifest.xml:24:13-28:29
action#android.intent.action.MAIN
ADDED from src\main\AndroidManifest.xml:25:17-69
	android:name
		ADDED from src\main\AndroidManifest.xml:25:25-66
category#android.intent.category.LAUNCHER
ADDED from src\main\AndroidManifest.xml:27:17-77
	android:name
		ADDED from src\main\AndroidManifest.xml:27:27-74
activity#com.example.android_app_stroe.MainActivity
ADDED from src\main\AndroidManifest.xml:30:9-89
	android:name
		ADDED from src\main\AndroidManifest.xml:30:20-77
activity#com.example.android_app_stroe.Search
ADDED from src\main\AndroidManifest.xml:31:11-85
	android:name
		ADDED from src\main\AndroidManifest.xml:31:22-73
activity#com.example.android_app_stroe.Game
ADDED from src\main\AndroidManifest.xml:33:10-82
	android:name
		ADDED from src\main\AndroidManifest.xml:33:21-70
activity#com.example.android_app_stroe.SoftWare
ADDED from src\main\AndroidManifest.xml:34:12-88
	android:name
		ADDED from src\main\AndroidManifest.xml:34:23-76
activity#com.example.android_app_stroe.DownLoading
ADDED from src\main\AndroidManifest.xml:35:12-91
	android:name
		ADDED from src\main\AndroidManifest.xml:35:23-79
activity#com.example.android_app_stroe.List_Software
ADDED from src\main\AndroidManifest.xml:36:13-94
	android:name
		ADDED from src\main\AndroidManifest.xml:36:24-82
activity#com.example.android_app_stroe.Update
ADDED from src\main\AndroidManifest.xml:37:13-87
	android:name
		ADDED from src\main\AndroidManifest.xml:37:24-75
activity#com.example.android_app_stroe.Detail_info
ADDED from src\main\AndroidManifest.xml:38:14-93
	android:name
		ADDED from src\main\AndroidManifest.xml:38:25-81
activity#com.example.android_app_stroe.Why_Hate
ADDED from src\main\AndroidManifest.xml:39:15-91
	android:name
		ADDED from src\main\AndroidManifest.xml:39:26-79
meta-data#com.google.android.gms.version
ADDED from src\main\AndroidManifest.xml:41:9-43:69
MERGED from [com.google.android.gms:play-services-basement:8.1.0] AndroidManifest.xml:21:9-23:69
	android:name
		ADDED from src\main\AndroidManifest.xml:42:13-58
	android:value
		ADDED from src\main\AndroidManifest.xml:43:13-66